<?xml version="1.0" encoding="UTF-8"?>
<testsuite name="sample.cafekiosk.unit.CafeKioskTest" tests="1" skipped="0" failures="0" errors="0" timestamp="2024-10-19T17:16:38" hostname="mwjng.local" time="0.028">
  <properties/>
  <testcase name="createOrderOutsideOpenTime()" classname="sample.cafekiosk.unit.CafeKioskTest" time="0.028"/>
  <system-out><![CDATA[]]></system-out>
  <system-err><![CDATA[]]></system-err>
</testsuite>
